Arguments: 
  C:\Program Files\nodejs\node.exe C:\Users\Khvng Jnr\AppData\Roaming\npm\node_modules\yarn\bin\yarn.js add react-currency-formatter

PATH: 
  C:\Program Files (x86)\Common Files\Intel\Shared Files\cpp\bin\Intel64;C:\WINDOWS\system32;C:\WINDOWS;C:\WINDOWS\System32\Wbem;C:\WINDOWS\System32\WindowsPowerShell\v1.0\;C:\Program Files\Git\cmd;C:\WINDOWS\System32\OpenSSH\;C:\Program Files\nodejs\;;C:\Users\Khvng Jnr\AppData\Local\Programs\Microsoft VS Code\bin;C:\Users\Khvng Jnr\AppData\Local\Microsoft\WindowsApps;C:\Users\Khvng Jnr\AppData\Roaming\npm;C:\Program Files\heroku\bin

Yarn version: 
  1.22.19

Node version: 
  16.15.0

Platform: 
  win32 x64

Trace: 
  Error: getaddrinfo ENOTFOUND registry.yarnpkg.com
      at GetAddrInfoReqWrap.onlookup [as oncomplete] (node:dns:71:26)

npm manifest: 
  {
    "name": "deliveroo",
    "version": "1.0.0",
    "main": "node_modules/expo/AppEntry.js",
    "scripts": {
      "start": "expo start",
      "android": "expo start --android",
      "ios": "expo start --ios",
      "web": "expo start --web"
    },
    "dependencies": {
      "@react-navigation/native": "^6.0.13",
      "@react-navigation/native-stack": "^6.9.1",
      "@sanity/client": "^3.4.1",
      "@sanity/image-url": "^1.0.1",
      "expo": "~46.0.16",
      "expo-status-bar": "~1.4.0",
      "nativewind": "^2.0.11",
      "react": "18.0.0",
      "react-currency-formatter": "^1.1.0",
      "react-dom": "^18.2.0",
      "react-native": "0.69.6",
      "react-native-heroicons": "^3.2.0",
      "react-native-safe-area-context": "4.3.1",
      "react-native-screens": "~3.15.0",
      "react-native-svg": "^13.4.0",
      "react-native-web": "^0.18.9",
      "tailwindcss": "^3.2.0",
      "tailwindcss-react-native": "^1.7.10"
    },
    "devDependencies": {
      "@babel/core": "^7.12.9"
    },
    "private": true
  }

yarn manifest: 
  No manifest

Lockfile: 
  No lockfile
