Arguments: 
  C:\Program Files\nodejs\node.exe C:\Users\Khvng Jnr\AppData\Roaming\npm\node_modules\@sanity\cli\vendor\yarn install --json --non-interactive --ignore-engines --network-timeout 60000 --registry https://registry.npmjs.org

PATH: 
  C:\Users\Khvng Jnr\AppData\Roaming\npm\node_modules\vendor;C:\Program Files (x86)\Common Files\Intel\Shared Files\cpp\bin\Intel64;C:\WINDOWS\system32;C:\WINDOWS;C:\WINDOWS\System32\Wbem;C:\WINDOWS\System32\WindowsPowerShell\v1.0\;C:\Program Files\Git\cmd;C:\WINDOWS\System32\OpenSSH\;C:\Program Files\nodejs\;;C:\Users\Khvng Jnr\AppData\Local\Programs\Microsoft VS Code\bin;C:\Users\Khvng Jnr\AppData\Local\Microsoft\WindowsApps;C:\Users\Khvng Jnr\AppData\Roaming\npm;C:\Program Files\heroku\bin

Yarn version: 
  1.22.17

Node version: 
  16.15.0

Platform: 
  win32 x64

Trace: 
  Error: https://registry.npmjs.org/date-fns/-/date-fns-2.29.3.tgz: ESOCKETTIMEDOUT
      at ClientRequest.<anonymous> (C:\Users\Khvng Jnr\AppData\Roaming\npm\node_modules\@sanity\cli\vendor\yarn:135945:19)
      at Object.onceWrapper (node:events:641:28)
      at ClientRequest.emit (node:events:527:28)
      at TLSSocket.emitRequestTimeout (node:_http_client:771:9)
      at Object.onceWrapper (node:events:641:28)
      at TLSSocket.emit (node:events:539:35)
      at TLSSocket.Socket._onTimeout (node:net:516:8)
      at listOnTimeout (node:internal/timers:559:17)
      at processTimers (node:internal/timers:502:7)

npm manifest: 
  {
    "name": "deliveroo",
    "private": true,
    "version": "1.0.0",
    "description": "",
    "main": "package.json",
    "author": "Kingsley okon <kingvidoski@gmail.com>",
    "license": "UNLICENSED",
    "scripts": {
      "start": "sanity start",
      "build": "sanity build"
    },
    "keywords": [
      "sanity"
    ],
    "dependencies": {
      "@sanity/base": "^2.35.0",
      "@sanity/core": "^2.35.0",
      "@sanity/default-layout": "^2.35.0",
      "@sanity/default-login": "^2.35.0",
      "@sanity/desk-tool": "^2.35.0",
      "@sanity/eslint-config-studio": "^2.0.0",
      "@sanity/vision": "^2.35.0",
      "eslint": "^8.6.0",
      "prop-types": "^15.7",
      "react": "^17.0",
      "react-dom": "^17.0",
      "styled-components": "^5.2.0"
    },
    "devDependencies": {}
  }

yarn manifest: 
  No manifest

Lockfile: 
  No lockfile
